[2J[HCONTAINER ID        NAME                CPU %               MEM USAGE / LIMIT   MEM %               NET I/O             BLOCK I/O           PIDS
[2J[HCONTAINER ID        NAME                CPU %               MEM USAGE / LIMIT   MEM %               NET I/O             BLOCK I/O           PIDS
[2J[HCONTAINER ID        NAME                CPU %               MEM USAGE / LIMIT   MEM %               NET I/O             BLOCK I/O           PIDS
[2J[HCONTAINER ID        NAME                CPU %               MEM USAGE / LIMIT   MEM %               NET I/O             BLOCK I/O           PIDS
[2J[HCONTAINER ID        NAME                CPU %               MEM USAGE / LIMIT   MEM %               NET I/O             BLOCK I/O           PIDS
[2J[HCONTAINER ID        NAME                CPU %               MEM USAGE / LIMIT   MEM %               NET I/O             BLOCK I/O           PIDS
[2J[HCONTAINER ID        NAME                CPU %               MEM USAGE / LIMIT   MEM %               NET I/O             BLOCK I/O           PIDS
[2J[HCONTAINER ID        NAME                CPU %               MEM USAGE / LIMIT   MEM %               NET I/O             BLOCK I/O           PIDS
[2J[HCONTAINER ID        NAME                CPU %               MEM USAGE / LIMIT   MEM %               NET I/O             BLOCK I/O           PIDS
[2J[HCONTAINER ID        NAME                CPU %               MEM USAGE / LIMIT   MEM %               NET I/O             BLOCK I/O           PIDS
[2J[HCONTAINER ID        NAME                CPU %               MEM USAGE / LIMIT   MEM %               NET I/O             BLOCK I/O           PIDS
[2J[HCONTAINER ID        NAME                CPU %               MEM USAGE / LIMIT   MEM %               NET I/O             BLOCK I/O           PIDS
[2J[HCONTAINER ID        NAME                CPU %               MEM USAGE / LIMIT   MEM %               NET I/O             BLOCK I/O           PIDS
458a965b6f23        worker-3            0.00%               6.301MiB / 128MiB   4.92%               569B / 0B           0B / 0B             1
[2J[HCONTAINER ID        NAME                CPU %               MEM USAGE / LIMIT   MEM %               NET I/O             BLOCK I/O           PIDS
458a965b6f23        worker-3            0.00%               6.301MiB / 128MiB   4.92%               569B / 0B           0B / 0B             1
[2J[HCONTAINER ID        NAME                CPU %               MEM USAGE / LIMIT   MEM %               NET I/O             BLOCK I/O           PIDS
458a965b6f23        worker-3            0.00%               6.301MiB / 128MiB   4.92%               1.03kB / 0B         0B / 0B             1
[2J[HCONTAINER ID        NAME                CPU %               MEM USAGE / LIMIT   MEM %               NET I/O             BLOCK I/O           PIDS
458a965b6f23        worker-3            0.00%               6.301MiB / 128MiB   4.92%               1.03kB / 0B         0B / 0B             1
[2J[HCONTAINER ID        NAME                CPU %               MEM USAGE / LIMIT   MEM %               NET I/O             BLOCK I/O           PIDS
458a965b6f23        worker-3            0.01%               6.426MiB / 128MiB   5.02%               1.52kB / 116B       0B / 0B             1
766f1399d999        worker-1            0.01%               11.92MiB / 128MiB   9.31%               595B / 182B         0B / 0B             1
[2J[HCONTAINER ID        NAME                CPU %               MEM USAGE / LIMIT   MEM %               NET I/O             BLOCK I/O           PIDS
458a965b6f23        worker-3            0.01%               6.426MiB / 128MiB   5.02%               1.52kB / 116B       0B / 0B             1
[2J[HCONTAINER ID        NAME                CPU %               MEM USAGE / LIMIT   MEM %               NET I/O             BLOCK I/O           PIDS
458a965b6f23        worker-3            1.27%               10.52MiB / 128MiB   8.22%               693kB / 1.37kB      0B / 0B             1
[2J[HCONTAINER ID        NAME                CPU %               MEM USAGE / LIMIT   MEM %               NET I/O             BLOCK I/O           PIDS
458a965b6f23        worker-3            1.27%               10.52MiB / 128MiB   8.22%               693kB / 1.37kB      0B / 0B             1
[2J[HCONTAINER ID        NAME                CPU %               MEM USAGE / LIMIT   MEM %               NET I/O             BLOCK I/O           PIDS
458a965b6f23        worker-3            1.27%               10.52MiB / 128MiB   8.22%               693kB / 1.37kB      0B / 0B             1
[2J[HCONTAINER ID        NAME                CPU %               MEM USAGE / LIMIT   MEM %               NET I/O             BLOCK I/O           PIDS
458a965b6f23        worker-3            1.27%               10.52MiB / 128MiB   8.22%               693kB / 1.37kB      0B / 0B             1
[2J[HCONTAINER ID        NAME                CPU %               MEM USAGE / LIMIT   MEM %               NET I/O             BLOCK I/O           PIDS
458a965b6f23        worker-3            --                  -- / --             --                  --                  --                  --
                    --                  0.00%               0B / 0B             0.00%               0B / 0B             0B / 0B             0
[2J[HCONTAINER ID        NAME                CPU %               MEM USAGE / LIMIT   MEM %               NET I/O             BLOCK I/O           PIDS
458a965b6f23        worker-3            1.45%               14.6MiB / 128MiB    11.41%              1.38MB / 2.81kB     0B / 0B             1
[2J[HCONTAINER ID        NAME                CPU %               MEM USAGE / LIMIT   MEM %               NET I/O             BLOCK I/O           PIDS
458a965b6f23        worker-3            1.45%               14.6MiB / 128MiB    11.41%              1.38MB / 2.81kB     0B / 0B             1
[2J[HCONTAINER ID        NAME                CPU %               MEM USAGE / LIMIT   MEM %               NET I/O             BLOCK I/O           PIDS
458a965b6f23        worker-3            1.45%               14.6MiB / 128MiB    11.41%              1.38MB / 2.81kB     0B / 0B             1
[2J[HCONTAINER ID        NAME                CPU %               MEM USAGE / LIMIT   MEM %               NET I/O             BLOCK I/O           PIDS
458a965b6f23        worker-3            0.00%               14.49MiB / 128MiB   11.32%              1.38MB / 2.81kB     0B / 0B             1
[2J[HCONTAINER ID        NAME                CPU %               MEM USAGE / LIMIT   MEM %               NET I/O             BLOCK I/O           PIDS
458a965b6f23        worker-3            0.00%               14.49MiB / 128MiB   11.32%              1.38MB / 2.81kB     0B / 0B             1
[2J[HCONTAINER ID        NAME                CPU %               MEM USAGE / LIMIT   MEM %               NET I/O             BLOCK I/O           PIDS
458a965b6f23        worker-3            1.99%               14.57MiB / 128MiB   11.38%              1.38MB / 2.81kB     0B / 0B             1
[2J[HCONTAINER ID        NAME                CPU %               MEM USAGE / LIMIT   MEM %               NET I/O             BLOCK I/O           PIDS
458a965b6f23        worker-3            1.99%               14.57MiB / 128MiB   11.38%              1.38MB / 2.81kB     0B / 0B             1
[2J[HCONTAINER ID        NAME                CPU %               MEM USAGE / LIMIT   MEM %               NET I/O             BLOCK I/O           PIDS
458a965b6f23        worker-3            42.49%              14.57MiB / 128MiB   11.38%              1.39MB / 2.81kB     0B / 0B             1
[2J[HCONTAINER ID        NAME                CPU %               MEM USAGE / LIMIT   MEM %               NET I/O             BLOCK I/O           PIDS
458a965b6f23        worker-3            42.49%              14.57MiB / 128MiB   11.38%              1.39MB / 2.81kB     0B / 0B             1
[2J[HCONTAINER ID        NAME                CPU %               MEM USAGE / LIMIT   MEM %               NET I/O             BLOCK I/O           PIDS
458a965b6f23        worker-3            99.64%              15.19MiB / 128MiB   11.87%              1.39MB / 2.81kB     0B / 0B             1
[2J[HCONTAINER ID        NAME                CPU %               MEM USAGE / LIMIT   MEM %               NET I/O             BLOCK I/O           PIDS
458a965b6f23        worker-3            99.64%              15.19MiB / 128MiB   11.87%              1.39MB / 2.81kB     0B / 0B             1
[2J[HCONTAINER ID        NAME                CPU %               MEM USAGE / LIMIT   MEM %               NET I/O             BLOCK I/O           PIDS
[2J[HCONTAINER ID        NAME                CPU %               MEM USAGE / LIMIT   MEM %               NET I/O             BLOCK I/O           PIDS
[2J[HCONTAINER ID        NAME                CPU %               MEM USAGE / LIMIT   MEM %               NET I/O             BLOCK I/O           PIDS
[2J[HCONTAINER ID        NAME                CPU %               MEM USAGE / LIMIT   MEM %               NET I/O             BLOCK I/O           PIDS
[2J[HCONTAINER ID        NAME                CPU %               MEM USAGE / LIMIT   MEM %               NET I/O             BLOCK I/O           PIDS
[2J[HCONTAINER ID        NAME                CPU %               MEM USAGE / LIMIT   MEM %               NET I/O             BLOCK I/O           PIDS
[2J[HCONTAINER ID        NAME                CPU %               MEM USAGE / LIMIT   MEM %               NET I/O             BLOCK I/O           PIDS
[2J[HCONTAINER ID        NAME                CPU %               MEM USAGE / LIMIT   MEM %               NET I/O             BLOCK I/O           PIDS
[2J[HCONTAINER ID        NAME                CPU %               MEM USAGE / LIMIT   MEM %               NET I/O             BLOCK I/O           PIDS
[2J[HCONTAINER ID        NAME                CPU %               MEM USAGE / LIMIT   MEM %               NET I/O             BLOCK I/O           PIDS
[2J[HCONTAINER ID        NAME                CPU %               MEM USAGE / LIMIT   MEM %               NET I/O             BLOCK I/O           PIDS
[2J[HCONTAINER ID        NAME                CPU %               MEM USAGE / LIMIT   MEM %               NET I/O             BLOCK I/O           PIDS
[2J[HCONTAINER ID        NAME                CPU %               MEM USAGE / LIMIT   MEM %               NET I/O             BLOCK I/O           PIDS
[2J[HCONTAINER ID        NAME                CPU %               MEM USAGE / LIMIT   MEM %               NET I/O             BLOCK I/O           PIDS
[2J[HCONTAINER ID        NAME                CPU %               MEM USAGE / LIMIT   MEM %               NET I/O             BLOCK I/O           PIDS
[2J[HCONTAINER ID        NAME                CPU %               MEM USAGE / LIMIT   MEM %               NET I/O             BLOCK I/O           PIDS
[2J[HCONTAINER ID        NAME                CPU %               MEM USAGE / LIMIT   MEM %               NET I/O             BLOCK I/O           PIDS
[2J[HCONTAINER ID        NAME                CPU %               MEM USAGE / LIMIT   MEM %               NET I/O             BLOCK I/O           PIDS
[2J[HCONTAINER ID        NAME                CPU %               MEM USAGE / LIMIT   MEM %               NET I/O             BLOCK I/O           PIDS
[2J[HCONTAINER ID        NAME                CPU %               MEM USAGE / LIMIT   MEM %               NET I/O             BLOCK I/O           PIDS
[2J[HCONTAINER ID        NAME                CPU %               MEM USAGE / LIMIT   MEM %               NET I/O             BLOCK I/O           PIDS
[2J[HCONTAINER ID        NAME                CPU %               MEM USAGE / LIMIT   MEM %               NET I/O             BLOCK I/O           PIDS
[2J[HCONTAINER ID        NAME                CPU %               MEM USAGE / LIMIT   MEM %               NET I/O             BLOCK I/O           PIDS
