2019-01-16 09:11:53.433564: start ps
RSS  
 10m python3 /root/runtime/t2.py w-2 8 1024 0
 10m python3 /root/runtime/t1.py w-2 8 1024 0
   0 [sh]
8076 {runc:[2:INIT]} docker-runc init
   4 /bin/sh -c echo start ps && ps -e -orss,args= && echo end ps
   4 ps -e -orss,args=
end ps

2019-01-16 09:11:53.433604: Apply memory limit: 1024.0 MB
2019-01-16 09:11:53.433623: dict  to gen
2019-01-16 09:12:09.859917: dict  to gened
2019-01-16 09:12:09.859963: 81528056
2019-01-16 09:12:09.873598: start ps
RSS  
 10m python3 /root/runtime/t2.py w-2 8 1024 0
396m python3 /root/runtime/t1.py w-2 8 1024 0
   0 [sh]
   4 /bin/sh -c echo start ps && ps -e -orss,args= && echo end ps
   4 ps -e -orss,args=
end ps

2019-01-16 09:12:09.873623: Start working
2019-01-16 09:12:10.333339: End working
2019-01-16 09:12:10.333383: 81528056
2019-01-16 09:12:10.347731: start ps
RSS  
 10m python3 /root/runtime/t2.py w-2 8 1024 0
416m python3 /root/runtime/t1.py w-2 8 1024 0
   0 [sh]
   4 /bin/sh -c echo start ps && ps -e -orss,args= && echo end ps
   4 ps -e -orss,args=
end ps

2019-01-16 09:12:10.347764: Sending result 1 to worker-2:8083 len:10000000
2019-01-16 09:12:13.505169: After sent 1
2019-01-16 09:12:13.519761: start ps
RSS  
 10m python3 /root/runtime/t2.py w-2 8 1024 0
417m python3 /root/runtime/t1.py w-2 8 1024 0
   0 [sh]
   4 /bin/sh -c echo start ps && ps -e -orss,args= && echo end ps
   4 ps -e -orss,args=
end ps

2019-01-16 09:12:13.519795: Start Sending 2 result to worker-1:8082 len:2673796
2019-01-16 09:12:14.342884: After sent 2
2019-01-16 09:12:14.342909: End sending
2019-01-16 09:12:14.366114: start ps
RSS  
 31m python3 /root/runtime/t2.py w-2 8 1024 0
417m python3 /root/runtime/t1.py w-2 8 1024 0
   0 [sh]
   4 /bin/sh -c echo start ps && ps -e -orss,args= && echo end ps
   4 ps -e -orss,args=
end ps

