2019-01-16 09:11:53.364918: start ps
RSS  
 10m python3 /root/runtime/t2.py w-2 8 1024 0
8268 {runc:[2:INIT]} docker-runc init
   4 /bin/sh -c echo start ps && ps -e -orss,args= && echo end ps
   4 ps -e -orss,args=
end ps

2019-01-16 09:11:53.365173: Waiting for input...
2019-01-16 09:12:14.771770: Received input, closing server
2019-01-16 09:12:14.775751: start ps
RSS  
113m python3 /root/runtime/t2.py w-2 8 1024 0
417m python3 /root/runtime/t1.py w-2 8 1024 0
   0 [sh]
   4 top -n1
   4 /bin/sh -c echo start ps && ps -e -orss,args= && echo end ps
   4 ps -e -orss,args=
end ps

2019-01-16 09:12:14.775775: Input 1 length: 2673796
2019-01-16 09:12:14.810308: Completed. The length of result is 2673796
2019-01-16 09:12:14.855021: start ps
RSS  
134m python3 /root/runtime/t2.py w-2 8 1024 0
417m python3 /root/runtime/t1.py w-2 8 1024 0
   0 [sh]
   4 /bin/sh -c echo start ps && ps -e -orss,args= && echo end ps
   4 ps -e -orss,args=
end ps

2019-01-16 09:12:14.855065: before work
2019-01-16 09:12:32.423605: after work
2019-01-16 09:12:32.441670: start ps
RSS  
500m python3 /root/runtime/t2.py w-2 8 1024 0
   0 [sh]
7096 {runc:[2:INIT]} docker-runc init
   4 /bin/sh -c echo start ps && ps -e -orss,args= && echo end ps
   4 ps -e -orss,args=
end ps

2019-01-16 09:12:32.441702: before Sending result to worker-2:8084
2019-01-16 09:12:35.829775: end Sending to worker-2:8084
2019-01-16 09:12:35.849772: start ps
RSS  
500m python3 /root/runtime/t2.py w-2 8 1024 0
   0 [sh]
   4 /bin/sh -c echo start ps && ps -e -orss,args= && echo end ps
   4 ps -e -orss,args=
end ps

