2019-01-05 10:00:42.595781: start ps
RSS  
8444 python3 /root/runtime/t4.py w-2 8 512 0
9.8m python3 /root/runtime/t3.py w-2 8 512 0
   0 [sh]
   4 /bin/sh -c echo start ps && ps -e -orss,args= && echo end ps
   4 ps -e -orss,args=
end ps

2019-01-05 10:00:42.596041: Waiting for input...
2019-01-05 10:00:45.707159: Received input, closing server
2019-01-05 10:00:45.710346: start ps
RSS  
8444 python3 /root/runtime/t4.py w-2 8 512 0
 48m python3 /root/runtime/t3.py w-2 8 512 0
   0 [sh]
   4 top -n1
   4 /bin/sh -c echo start ps && ps -e -orss,args= && echo end ps
   4 ps -e -orss,args=
end ps

2019-01-05 10:00:45.710372: Input 1 length: 1000000
2019-01-05 10:00:45.722972: Completed. The length of result is 1000000
2019-01-05 10:00:45.722997: Random gened
2019-01-05 10:00:45.737196: start ps
RSS  
8444 python3 /root/runtime/t4.py w-2 8 512 0
 56m python3 /root/runtime/t3.py w-2 8 512 0
   0 [sh]
   4 top -n1
   4 /bin/sh -c echo start ps && ps -e -orss,args= && echo end ps
   4 ps -e -orss,args=
end ps

2019-01-05 10:00:45.737294: before work
2019-01-05 10:00:46.176263: after work
2019-01-05 10:00:46.199323: start ps
RSS  
8444 python3 /root/runtime/t4.py w-2 8 512 0
 48m python3 /root/runtime/t3.py w-2 8 512 0
   0 [sh]
   4 top -n1
   4 /bin/sh -c echo start ps && ps -e -orss,args= && echo end ps
   4 ps -e -orss,args=
end ps

2019-01-05 10:00:46.199356: Before Sending result to worker-2:8084
2019-01-05 10:00:46.472102: After sending to worker-2:8084
2019-01-05 10:00:46.478386: start ps
RSS  
 16m python3 /root/runtime/t4.py w-2 8 512 0
 49m python3 /root/runtime/t3.py w-2 8 512 0
   0 [sh]
   4 /bin/sh -c echo start ps && ps -e -orss,args= && echo end ps
   4 ps -e -orss,args=
end ps

