 112.610000
 112.610000
 112.610000
 112.610000
 112.610000
 112.610000
 112.620000
 112.640000
 112.650000
 112.650000
 112.650000
 112.680000
 112.680000
 112.690000
 112.690000
 112.690000
 112.690000
 112.700000
 112.700000
 112.700000
 112.700000
 112.700000
 112.710000
 112.710000
 112.710000
 112.710000
 112.720000
 112.720000
 112.720000
 112.720000
 112.740000
 112.740000
 112.740000
 112.740000
 112.740000
 112.750000
 112.750000
 112.750000
 112.750000
 112.750000
 112.750000
 112.750000
 112.760000
 112.760000
 112.760000
 112.770000
 112.770000
 112.770000
 112.780000
 112.780000
 112.790000
 112.790000
 112.790000
 112.790000
 112.790000
 112.800000
 112.800000
 112.800000
 112.800000
 112.810000
 112.810000
 112.810000
 112.810000
 112.820000
 112.820000
 112.820000
 112.820000
 112.830000
 112.840000
 112.840000
 112.840000
 112.840000
 112.840000
 112.840000
 112.850000
 112.850000
 112.850000
 112.850000
 112.860000
 112.860000
 112.860000
 112.860000
 112.870000
 112.870000
 112.880000
 112.880000
 112.880000
 112.880000
 112.880000
 112.890000
 112.890000
 112.900000
 112.900000
 112.900000
 112.900000
 112.900000
 112.910000
 112.910000
 112.910000
 112.910000
 112.920000
 112.920000
 112.920000
 112.920000
 112.930000
 112.930000
 112.930000
 112.940000
 112.940000
 112.950000
 112.950000
 112.950000
 112.950000
 112.950000
 112.950000
 112.960000
 112.960000
 112.960000
 112.960000
 112.970000
 112.970000
 112.970000
 112.970000
 112.980000
 112.980000
 112.980000
 112.990000
 112.990000
 112.990000
 113.000000
 113.000000
 113.000000
 113.000000
 113.020000
 113.020000
 113.020000
 113.020000
 113.030000
 113.030000
 113.040000
 113.040000
 113.040000
 113.040000
 113.040000
 113.050000
 113.050000
 113.060000
 113.060000
 113.060000
 113.070000
 113.070000
 113.070000
 113.070000
 113.070000
 113.070000
 113.070000
 113.070000
 113.090000
 113.090000
 113.090000
 113.090000
 113.090000
 113.090000
 113.090000
 113.100000
 113.110000
 113.110000
 113.110000
 113.110000
 113.120000
 113.120000
 113.120000
 113.120000
 113.120000
 113.130000
 113.130000
 113.130000
 113.130000
 113.130000
 113.140000
 113.140000
 113.140000
 113.150000
 113.150000
 113.150000
 113.160000
 113.160000
 113.160000
 113.160000
 113.170000
 113.170000
 113.170000
 113.170000
 113.170000
 113.180000
 113.180000
 113.190000
 113.190000
 113.190000
 113.190000
 113.190000
 113.190000
 113.200000
 113.200000
 113.200000
 113.200000
 113.210000
 113.210000
 113.210000
 113.220000
 113.220000
 113.220000
 113.220000
 113.230000
 113.230000
 113.230000
 113.230000
 113.230000
 113.250000
 113.250000
 113.250000
 113.250000
 113.250000
 113.250000
 113.250000
 113.250000
 113.260000
 113.260000
 113.260000
 113.260000
 113.260000
 113.270000
 113.270000
 113.270000
 113.270000
 113.270000
 113.270000
 113.270000
 113.280000
 113.280000
 113.290000
 113.290000
 113.290000
 113.290000
 113.290000
 113.290000
 113.290000
 113.300000
 113.300000
 113.300000
 113.300000
 113.300000
 113.310000
 113.310000
 113.310000
 113.310000
 113.310000
 113.310000
 113.320000
 113.320000
 113.320000
 113.320000
 113.320000
 113.340000
 113.340000
 113.340000
 113.340000
 113.340000
 113.340000
 113.340000
 113.340000
 113.340000
 113.340000
 113.360000
 113.360000
 113.360000
 113.360000
 113.360000
 113.360000
 113.360000
 113.360000
 113.360000
 113.370000
 113.370000
 113.370000
 113.370000
 113.370000
 113.370000
 113.370000
 113.390000
 113.390000
 113.390000
 113.390000
 113.390000
 113.400000
 113.400000
 113.400000
 113.400000
 113.400000
 113.410000
 113.410000
 113.410000
 113.410000
 113.410000
 113.410000
 113.420000
 113.420000
 113.420000
 113.420000
 113.430000
 113.430000
 113.430000
 113.430000
 113.430000
 113.430000
 113.430000
 113.440000
 113.440000
 113.450000
 113.450000
 113.450000
 113.450000
 113.460000
 113.460000
 113.470000
 113.470000
 113.470000
 113.470000
 113.480000
 113.480000
 113.480000
 113.480000
 113.480000
 113.480000
 113.490000
 113.490000
 113.490000
 113.490000
 113.490000
 113.490000
 113.510000
 113.510000
 113.510000
 113.510000
 113.520000
 113.520000
 113.520000
 113.520000
 113.520000
 113.530000
 113.540000
 113.540000
 113.540000
 113.540000
 113.540000
 113.540000
 113.550000
 113.550000
 113.560000
 113.560000
 113.560000
 113.560000
 113.560000
 113.570000
 113.570000
 113.570000
 113.580000
 113.580000
 113.580000
 113.580000
 113.580000
 113.590000
 113.590000
 113.590000
 113.590000
 113.600000
 113.600000
 113.600000
 113.600000
 113.620000
 113.620000
 113.620000
 113.630000
 113.630000
 113.630000
 113.630000
 113.640000
 113.640000
 113.640000
 113.640000
 113.650000
 113.650000
 113.650000
 113.650000
 113.660000
 113.660000
 113.670000
 113.670000
 113.670000
 113.670000
 113.670000
 113.680000
 113.680000
 113.680000
 113.690000
 113.690000
 113.690000
 113.690000
 113.690000
 113.700000
 113.700000
 113.700000
 113.700000
 113.700000
 113.710000
 113.720000
 113.720000
 113.720000
 113.720000
 113.720000
 113.720000
 113.730000
 113.730000
 113.740000
 113.740000
 113.740000
 113.740000
 113.750000
 113.750000
 113.750000
 113.750000
 113.750000
 113.760000
 113.770000
 113.770000
 113.770000
 113.770000
 113.770000
 113.770000
 113.780000
 113.780000
 113.780000
 113.780000
 113.780000
 113.790000
 113.790000
 113.800000
 113.800000
 113.800000
 113.820000
 113.820000
 113.820000
 113.830000
 113.830000
 113.830000
 113.840000
 113.840000
 113.840000
 113.840000
 113.840000
 113.840000
 113.850000
 113.860000
 113.870000
 113.870000
 113.870000
 113.870000
 113.870000
 113.870000
 113.870000
 113.870000
 113.870000
 113.870000
 113.870000
 113.870000
 113.870000
 113.870000
 113.870000
 113.870000
 113.870000
 113.870000
 113.870000
 113.870000
 113.880000
 113.880000
 113.880000
 113.880000
 113.880000
 113.890000
 113.890000
 113.890000
 113.890000
 113.890000
 113.890000
 113.890000
 113.890000
 113.890000
 113.890000
 113.890000
 113.890000
 113.890000
 113.890000
 113.890000
 113.890000
 113.890000
 113.890000
 113.890000
 113.890000
 113.890000
 113.890000
 113.890000
 113.890000
 113.890000
 113.890000
 113.890000
 113.890000
 113.890000
 113.900000
 113.900000
 113.900000
 113.900000
 113.900000
 113.900000
 113.900000
 113.900000
 113.900000
 113.900000
 113.900000
 113.900000
 113.900000
 113.900000
 113.900000
