 140.320000
 140.320000
 140.320000
 140.320000
 140.320000
 140.320000
 140.320000
 140.330000
 140.330000
 140.340000
 140.340000
 140.340000
 140.340000
 140.350000
 140.350000
 140.360000
 140.360000
 140.360000
 140.360000
 140.360000
 140.370000
 140.370000
 140.370000
 140.370000
 140.370000
 140.370000
 140.390000
 140.390000
 140.390000
 140.390000
 140.400000
 140.400000
 140.400000
 140.400000
 140.400000
 140.410000
 140.410000
 140.410000
 140.410000
 140.420000
 140.420000
 140.420000
 140.420000
 140.420000
 140.420000
 140.430000
 140.440000
 140.440000
 140.440000
 140.440000
 140.440000
 140.440000
 140.440000
 140.440000
 140.450000
 140.460000
 140.460000
 140.460000
 140.460000
 140.460000
 140.460000
 140.470000
 140.480000
 140.480000
 140.480000
 140.480000
 140.480000
 140.480000
 140.490000
 140.500000
 140.500000
 140.500000
 140.500000
 140.500000
 140.510000
 140.510000
 140.510000
 140.510000
 140.510000
 140.510000
 140.520000
 140.520000
 140.520000
 140.530000
 140.530000
 140.530000
 140.530000
 140.530000
 140.530000
 140.540000
 140.540000
 140.540000
 140.540000
 140.550000
 140.550000
 140.550000
 140.550000
 140.560000
 140.560000
 140.560000
 140.580000
 140.580000
 140.580000
 140.580000
 140.580000
 140.580000
 140.580000
 140.590000
 140.590000
 140.600000
 140.600000
 140.600000
 140.600000
 140.610000
 140.610000
 140.610000
 140.610000
 140.610000
 140.620000
 140.620000
 140.620000
 140.620000
 140.630000
 140.630000
 140.630000
 140.630000
 140.630000
 140.630000
 140.630000
 140.640000
 140.640000
 140.640000
 140.650000
 140.650000
 140.650000
 140.660000
 140.670000
 140.670000
 140.670000
 140.670000
 140.670000
 140.670000
 140.670000
 140.670000
 140.680000
 140.680000
 140.690000
 140.690000
 140.690000
 140.700000
 140.700000
 140.700000
 140.700000
 140.700000
 140.710000
 140.710000
 140.710000
 140.710000
 140.720000
 140.720000
 140.720000
 140.720000
 140.720000
 140.720000
 140.720000
 140.720000
 140.730000
 140.740000
 140.740000
 140.740000
 140.750000
 140.750000
 140.750000
 140.750000
 140.750000
 140.750000
 140.770000
 140.770000
 140.770000
 140.770000
 140.770000
 140.770000
 140.770000
 140.780000
 140.780000
 140.780000
 140.780000
 140.790000
 140.790000
 140.790000
 140.790000
 140.790000
 140.800000
 140.800000
 140.800000
 140.800000
 140.810000
 140.810000
 140.810000
 140.820000
 140.820000
 140.820000
 140.820000
 140.820000
 140.830000
 140.830000
 140.830000
 140.830000
 140.830000
 140.840000
 140.850000
 140.850000
 140.850000
 140.850000
 140.850000
 140.860000
 140.860000
 140.860000
 140.860000
 140.860000
 140.870000
 140.870000
 140.870000
 140.870000
 140.870000
 140.870000
 140.880000
 140.880000
 140.880000
 140.880000
 140.880000
 140.890000
 140.890000
 140.890000
 140.890000
 140.890000
 140.890000
 140.890000
 140.890000
 140.910000
 140.910000
 140.910000
 140.910000
 140.910000
 140.910000
 140.910000
 140.910000
 140.910000
 140.920000
 140.920000
 140.920000
 140.930000
 140.930000
 140.930000
 140.940000
 140.940000
 140.940000
 140.940000
 140.940000
 140.940000
 140.940000
 140.940000
 140.950000
 140.950000
 140.960000
 140.960000
 140.960000
 140.960000
 140.960000
 140.960000
 140.960000
 140.970000
 140.970000
 140.970000
 140.970000
 140.970000
 140.970000
 140.970000
 140.970000
 140.970000
 140.970000
 140.970000
 140.980000
 140.980000
 140.980000
 140.980000
 140.990000
 140.990000
 140.990000
 140.990000
 140.990000
 140.990000
 140.990000
 140.990000
 141.010000
 141.010000
 141.010000
 141.010000
 141.010000
 141.010000
 141.010000
 141.010000
 141.010000
 141.020000
 141.020000
 141.020000
 141.030000
 141.040000
 141.040000
 141.040000
 141.040000
 141.040000
 141.040000
 141.040000
 141.040000
 141.050000
 141.050000
 141.050000
 141.050000
 141.050000
 141.060000
 141.070000
 141.070000
 141.070000
 141.070000
 141.070000
 141.070000
 141.080000
 141.080000
 141.080000
 141.080000
 141.090000
 141.090000
 141.090000
 141.100000
 141.100000
 141.100000
 141.110000
 141.110000
 141.110000
 141.110000
 141.110000
 141.110000
 141.120000
 141.120000
 141.120000
 141.130000
 141.130000
 141.130000
 141.130000
 141.140000
 141.140000
 141.140000
 141.140000
 141.140000
 141.140000
 141.140000
 141.150000
 141.150000
 141.150000
 141.150000
 141.160000
 141.170000
 141.170000
 141.170000
 141.170000
 141.170000
 141.170000
 141.180000
 141.180000
 141.190000
 141.190000
 141.200000
 141.200000
 141.200000
 141.200000
 141.200000
 141.200000
 141.210000
 141.210000
 141.210000
 141.210000
 141.210000
 141.220000
 141.220000
 141.220000
 141.220000
 141.220000
 141.230000
 141.230000
 141.230000
 141.230000
 141.230000
 141.240000
 141.240000
 141.240000
 141.240000
 141.240000
 141.250000
 141.250000
 141.250000
 141.250000
 141.260000
 141.260000
 141.260000
 141.270000
 141.270000
 141.280000
 141.280000
 141.280000
 141.280000
 141.280000
 141.290000
 141.290000
 141.300000
 141.300000
 141.300000
 141.300000
 141.310000
 141.310000
 141.310000
 141.310000
 141.310000
 141.320000
 141.320000
 141.320000
 141.320000
 141.330000
 141.330000
 141.330000
 141.330000
 141.330000
 141.330000
 141.340000
 141.340000
 141.340000
 141.350000
 141.350000
 141.350000
 141.350000
 141.350000
 141.350000
 141.360000
 141.370000
 141.370000
 141.370000
 141.370000
 141.370000
 141.370000
 141.380000
 141.380000
 141.380000
 141.390000
 141.390000
 141.390000
 141.390000
 141.390000
 141.390000
 141.390000
 141.390000
 141.390000
 141.400000
 141.400000
 141.400000
 141.400000
 141.400000
 141.410000
 141.410000
 141.410000
 141.410000
 141.410000
 141.410000
 141.410000
 141.410000
 141.410000
 141.410000
 141.410000
 141.410000
 141.420000
 141.420000
 141.420000
 141.420000
 141.420000
 141.420000
 141.420000
 141.420000
 141.420000
 141.420000
 141.430000
 141.430000
 141.430000
 141.430000
 141.440000
 141.440000
 141.440000
 141.440000
 141.440000
 141.440000
 141.440000
 141.440000
 141.440000
 141.440000
 141.440000
 141.450000
 141.450000
 141.450000
 141.450000
 141.450000
 141.450000
 141.450000
 141.450000
 141.450000
 141.450000
 141.450000
 141.450000
 141.450000
 141.450000
 141.460000
 141.460000
 141.460000
 141.460000
 141.460000
 141.460000
 141.460000
 141.460000
 141.460000
 141.460000
 141.470000
 141.470000
 141.470000
 141.470000
 141.470000
